<?xml version="1.0" encoding="UTF-8"?>
<testng-results ignored="0" total="1" passed="1" failed="0" skipped="0">
  <reporter-output>
  </reporter-output>
  <suite started-at="2022-04-10T08:07:52Z" name="Suite" finished-at="2022-04-10T08:08:07Z" duration-ms="14668">
    <groups>
    </groups>
    <test started-at="2022-04-10T08:07:52Z" name="chromeTest" finished-at="2022-04-10T08:08:07Z" duration-ms="14668">
      <class name="org.pageexecution.PropertySearchPageExecution">
        <test-method is-config="true" signature="beforetest(java.lang.String)[pri:0, instance:org.pageexecution.PropertySearchPageExecution@488d1cd7]" started-at="2022-04-10T08:07:52Z" name="beforetest" finished-at="2022-04-10T08:07:54Z" duration-ms="1938" status="PASS">
          <params>
            <param index="0">
              <value>
                <![CDATA[Chrome]]>
              </value>
            </param>
          </params>
          <reporter-output>
          </reporter-output>
        </test-method> <!-- beforetest -->
        <test-method is-config="true" signature="beforeMethod(java.lang.String)[pri:0, instance:org.pageexecution.PropertySearchPageExecution@488d1cd7]" started-at="2022-04-10T08:07:54Z" name="beforeMethod" finished-at="2022-04-10T08:07:56Z" duration-ms="1430" status="PASS">
          <params>
            <param index="0">
              <value>
                <![CDATA[https://www.nobroker.in/]]>
              </value>
            </param>
          </params>
          <reporter-output>
          </reporter-output>
        </test-method> <!-- beforeMethod -->
        <test-method signature="test1(java.lang.String, int, int, int, int)[pri:0, instance:org.pageexecution.PropertySearchPageExecution@488d1cd7]" started-at="2022-04-10T08:07:56Z" name="test1" data-provider="nbdata" finished-at="2022-04-10T08:08:07Z" duration-ms="11268" status="PASS">
          <params>
            <param index="0">
              <value>
                <![CDATA[malad]]>
              </value>
            </param>
            <param index="1">
              <value>
                <![CDATA[3]]>
              </value>
            </param>
            <param index="2">
              <value>
                <![CDATA[4]]>
              </value>
            </param>
            <param index="3">
              <value>
                <![CDATA[2]]>
              </value>
            </param>
            <param index="4">
              <value>
                <![CDATA[3]]>
              </value>
            </param>
          </params>
          <reporter-output>
          </reporter-output>
        </test-method> <!-- test1 -->
      </class> <!-- org.pageexecution.PropertySearchPageExecution -->
    </test> <!-- chromeTest -->
  </suite> <!-- Suite -->
</testng-results>
